*******************************************CUCUMBER LOG BEGIN*************************************************************************************
ec2-user:~/environment/hw-acceptance-unit-test-cycle/rottenpotatoes (master) $ rake cucumber
/home/ec2-user/.rvm/rubies/ruby-2.4.0/bin/ruby -S bundle exec cucumber --profile default
Deprecated: Found tags option '~@wip'. Support for '~@tag' will be removed from the next release of Cucumber. Please use 'not @tag' instead.
Using the default profile...
Feature: search for movies by director
   As a movie buff
  So that I can find movies with my favorite director
  I want to include and serach on director information in movies I enter

  Background: movies in database      # features/director.feature:5
    Given the following movies exist: # features/step_definitions/movies_steps.rb:1
      | title        | rating | director     | release_date |
      | Star Wars    | PG     | George Lucas | 1977-05-25   |
      | Blade Runner | PG     | Ridley Scott | 1982-06-25   |
      | Alien        | R      |              | 1979-05-25   |
      | THX-1138     | R      | George Lucas | 1971-03-11   |

  Scenario: find movie with same director                       # features/director.feature:13
    Given I am on the details page for "Star Wars"              # features/step_definitions/web_steps.rb:44
    When I follow "Find Movies With Same Director"              # features/step_definitions/web_steps.rb:56
    Then I should be on the Similar Movies page for "Star Wars" # features/step_definitions/web_steps.rb:230
    And I should see "THX-1138"                                 # features/step_definitions/web_steps.rb:105
    But I should not see "Blade Runner"                         # features/step_definitions/web_steps.rb:123

  Scenario: can't find similar movies if we don't know director (sad path)               # features/director.feature:20
    Given I am on the details page for "Alien"                                           # features/step_definitions/web_steps.rb:44
    Then I should not see "Ridley Scott"                                                 # features/step_definitions/web_steps.rb:123
    When I follow "Find Movies With Same Director"                                       # features/step_definitions/web_steps.rb:56
    Then I should be on the home page                                                    # features/step_definitions/web_steps.rb:230
    And I should see "There is no Director information associated to the movie 'Alien'." # features/step_definitions/web_steps.rb:105

  Scenario: add director to existing movie                # features/director.feature:27
    When I go to the edit page for "Alien"                # features/step_definitions/web_steps.rb:48
    And I fill in "Director" with "Ridley Scott"          # features/step_definitions/web_steps.rb:60
    And I press "Update Movie Info"                       # features/step_definitions/web_steps.rb:52
    Then the director of "Alien" should be "Ridley Scott" # features/step_definitions/movies_steps.rb:29

  Scenario: delete movie                             # features/director.feature:33
    Given I am on the details page for "Star Wars"   # features/step_definitions/web_steps.rb:44
    And I press "Delete"                             # features/step_definitions/web_steps.rb:52
    Then I should be on the RottenPotatoes home page # features/step_definitions/web_steps.rb:230
    And I should see "Movie 'Star Wars' deleted."    # features/step_definitions/web_steps.rb:105

  Scenario: sort movies alphabetically                 # features/director.feature:39
    Given I am on the RottenPotatoes home page         # features/step_definitions/web_steps.rb:44
    When I follow "Movie Title"                        # features/step_definitions/web_steps.rb:56
    Then I should see "Blade Runner" before "THX-1138" # features/step_definitions/movies_steps.rb:24

  Scenario: sort movies in increasing order of release date # features/director.feature:44
    Given I am on the RottenPotatoes home page              # features/step_definitions/web_steps.rb:44
    When I follow "Release Date"                            # features/step_definitions/web_steps.rb:56
    Then I should see "THX-1138" before "Alien"             # features/step_definitions/movies_steps.rb:24

  Scenario: add movie                                            # features/director.feature:49
    Given I am on the RottenPotatoes home page                   # features/step_definitions/web_steps.rb:44
    And I follow "Add new movie"                                 # features/step_definitions/web_steps.rb:56
    Then I should be on the new movie page                       # features/step_definitions/web_steps.rb:230
    When I fill in "Title" with "Ship of Theseus"                # features/step_definitions/web_steps.rb:60
    And I select "R" from "Rating"                               # features/step_definitions/web_steps.rb:85
    And I press "Save Changes"                                   # features/step_definitions/web_steps.rb:52
    Then I should be on the RottenPotatoes home page             # features/step_definitions/web_steps.rb:230
    And I should see "Ship of Theseus was successfully created." # features/step_definitions/web_steps.rb:105

Feature: display list of movies filtered by MPAA rating
  As a concerned parent
  So that I can quickly browse movies appropriate for my family
  I want to see movies matching only certain MPAA ratings

  Background: movies have been added to database # features/filter_movie_list.feature:7
    Given the following movies exist:            # features/step_definitions/movies_steps.rb:1
      | title                   | rating | release_date |
      | Aladdin                 | G      | 25-Nov-1992  |
      | The Terminator          | R      | 26-Oct-1984  |
      | When Harry Met Sally    | R      | 21-Jul-1989  |
      | The Help                | PG-13  | 10-Aug-2011  |
      | Chocolat                | PG-13  | 5-Jan-2001   |
      | Amelie                  | R      | 25-Apr-2001  |
      | 2001: A Space Odyssey   | G      | 6-Apr-1968   |
      | The Incredibles         | PG     | 5-Nov-2004   |
      | Raiders of the Lost Ark | PG     | 12-Jun-1981  |
      | Chicken Run             | G      | 21-Jun-2000  |
    And I am on the RottenPotatoes home page     # features/step_definitions/web_steps.rb:44

  Scenario: restrict to movies with 'PG' or 'R' ratings # features/filter_movie_list.feature:24
      # enter step(s) to check the 'PG' and 'R' checkboxes
      # enter step(s) to uncheck all other checkboxes
      # enter step to "submit" the search form on the homepage
      # enter step(s) to ensure that PG and R movies are visible
      # enter step(s) to ensure that other movies are not visible
    When I check the following ratings: PG, R           # features/filter_movie_list.feature:30
      Undefined step: "I check the following ratings: PG, R" (Cucumber::Undefined)
      features/filter_movie_list.feature:30:in `When I check the following ratings: PG, R'
    And I uncheck the following ratings: G, PG-13       # features/filter_movie_list.feature:31
      Undefined step: "I uncheck the following ratings: G, PG-13" (Cucumber::Undefined)
      features/filter_movie_list.feature:31:in `And I uncheck the following ratings: G, PG-13'
    And I press "ratings_submit"                        # features/step_definitions/web_steps.rb:52
    Then I should see "The Incredibles"                 # features/step_definitions/web_steps.rb:105
    And I should see "The Terminator"                   # features/step_definitions/web_steps.rb:105
    And I should not see "Alladin"                      # features/step_definitions/web_steps.rb:123
    And I should not see "The Help"                     # features/step_definitions/web_steps.rb:123

  Scenario: all ratings selected                        # features/filter_movie_list.feature:38
    When I check the following ratings: PG, R, G, PG-13 # features/filter_movie_list.feature:39
      Undefined step: "I check the following ratings: PG, R, G, PG-13" (Cucumber::Undefined)
      features/filter_movie_list.feature:39:in `When I check the following ratings: PG, R, G, PG-13'
    And I press "ratings_submit"                        # features/step_definitions/web_steps.rb:52
    Then I should see all the movies                    # features/step_definitions/movies_steps.rb:19

Feature: display list of movies sorted by different criteria
  As an avid moviegoer
  So that I can quickly browse movies based on my preferences
  I want to see movies sorted by title or release date

  Background: movies have been added to database # features/sort_movie_list.feature:7
    Given the following movies exist:            # features/step_definitions/movies_steps.rb:1
      | title                   | rating | release_date |
      | Aladdin                 | G      | 25-Nov-1992  |
      | The Terminator          | R      | 26-Oct-1984  |
      | When Harry Met Sally    | R      | 21-Jul-1989  |
      | The Help                | PG-13  | 10-Aug-2011  |
      | Chocolat                | PG-13  | 5-Jan-2001   |
      | Amelie                  | R      | 25-Apr-2001  |
      | 2001: A Space Odyssey   | G      | 6-Apr-1968   |
      | The Incredibles         | PG     | 5-Nov-2004   |
      | Raiders of the Lost Ark | PG     | 12-Jun-1981  |
      | Chicken Run             | G      | 21-Jun-2000  |
    And I am on the RottenPotatoes home page     # features/step_definitions/web_steps.rb:44

  Scenario: sort movies alphabetically          # features/sort_movie_list.feature:24
    When I follow "Movie Title"                 # features/step_definitions/web_steps.rb:56
    Then I should see "Aladdin" before "Amelie" # features/step_definitions/movies_steps.rb:24

  Scenario: sort movies in increasing order of release date # features/sort_movie_list.feature:28
    When I follow "Release Date"                            # features/step_definitions/web_steps.rb:56
    Then I should see "Aladdin" before "Amelie"             # features/step_definitions/movies_steps.rb:24

Undefined Scenarios:
cucumber features/filter_movie_list.feature:24 # Scenario: restrict to movies with 'PG' or 'R' ratings
cucumber features/filter_movie_list.feature:38 # Scenario: all ratings selected

11 scenarios (2 undefined, 9 passed)
61 steps (7 skipped, 3 undefined, 51 passed)
0m0.555s

You can implement step definitions for undefined steps with these snippets:

When("I check the following ratings: PG, R") do
  pending # Write code here that turns the phrase above into concrete actions
end

When("I uncheck the following ratings: G, PG{int}") do |int|
  pending # Write code here that turns the phrase above into concrete actions
end

When("I check the following ratings: PG, R, G, PG{int}") do |int|
  pending # Write code here that turns the phrase above into concrete actions
end

Coverage report generated for Cucumber Features to /home/ec2-user/environment/hw-acceptance-unit-test-cycle/rottenpotatoes/coverage. 55 / 56 LOC (98.21%) covered.
******************************* CUCUMBER LOG END*******************************************************************************************************************

****************************************RSPEC LOG BEGIN************************************************************************************************************
ec2-user:~/environment/hw-acceptance-unit-test-cycle/rottenpotatoes (master) $ rake spec
/home/ec2-user/.rvm/rubies/ruby-2.4.0/bin/ruby -I/home/ec2-user/.rvm/gems/ruby-2.4.0/gems/rspec-core-3.7.1/lib:/home/ec2-user/.rvm/gems/ruby-2.4.0/gems/rspec-support-3.7.1/lib /home/ec2-user/.rvm/gems/ruby-2.4.0/gems/rspec-core-3.7.1/exe/rspec --pattern spec/\*\*\{,/\*/\*\*\}/\*_spec.rb
......

Finished in 0.06947 seconds (files took 1.4 seconds to load)
6 examples, 0 failures


************************************RSPEC LOG END*******************************************************************************************************************